c:\users\евгений\desktop\learning-c\learning c\learning c\debug\vc142.pdb
c:\users\евгений\desktop\learning-c\learning c\learning c\debug\vc142.idb
c:\users\евгений\desktop\learning-c\learning c\learning c\debug\preprocessor.obj
c:\users\евгений\desktop\learning-c\learning c\learning c\debug\learning c.obj
c:\users\евгений\desktop\learning-c\learning c\learning c\debug\variables.obj
c:\users\евгений\desktop\learning-c\learning c\learning c\debug\operations.obj
c:\users\евгений\desktop\learning-c\learning c\learning c\debug\сonditions.obj
c:\users\евгений\desktop\learning-c\learning c\learning c\debug\cycles.obj
c:\users\евгений\desktop\learning-c\learning c\learning c\debug\function.obj
c:\users\евгений\desktop\learning-c\learning c\learning c\debug\pointers_and_arrays.obj
c:\users\евгений\desktop\learning-c\learning c\learning c\debug\reference.obj
c:\users\евгений\desktop\learning-c\learning c\learning c\debug\lvalue_rvalue.obj
c:\users\евгений\desktop\learning-c\learning c\learning c\debug\dynamic_memory.obj
c:\users\евгений\desktop\learning-c\learning c\learning c\debug\structure.obj
c:\users\евгений\desktop\learning-c\learning c\learning c\debug\constructors.obj
c:\users\евгений\desktop\learning-c\learning c\learning c\debug\copy_const.obj
c:\users\евгений\desktop\learning-c\learning c\learning c\debug\constructors_destructors.obj
c:\users\евгений\desktop\learning-c\learning c\learning c\debug\inheritance.obj
c:\users\евгений\desktop\learning-c\learning c\learning c\debug\overload.obj
c:\users\евгений\desktop\learning-c\learning c\learning c\debug\virtual_methods.obj
c:\users\евгений\desktop\learning-c\learning c\debug\learning c.pdb
c:\users\евгений\desktop\learning-c\learning c\learning c\debug\learning c.tlog\cl.command.1.tlog
c:\users\евгений\desktop\learning-c\learning c\learning c\debug\learning c.tlog\cl.read.1.tlog
c:\users\евгений\desktop\learning-c\learning c\learning c\debug\learning c.tlog\cl.write.1.tlog
c:\users\евгений\desktop\learning-c\learning c\learning c\debug\learning c.tlog\link-cvtres.read.1.tlog
c:\users\евгений\desktop\learning-c\learning c\learning c\debug\learning c.tlog\link-cvtres.write.1.tlog
c:\users\евгений\desktop\learning-c\learning c\learning c\debug\learning c.tlog\link-rc.read.1.tlog
c:\users\евгений\desktop\learning-c\learning c\learning c\debug\learning c.tlog\link-rc.write.1.tlog
c:\users\евгений\desktop\learning-c\learning c\learning c\debug\learning c.tlog\link.7408-cvtres.read.1.tlog
c:\users\евгений\desktop\learning-c\learning c\learning c\debug\learning c.tlog\link.7408-cvtres.write.1.tlog
c:\users\евгений\desktop\learning-c\learning c\learning c\debug\learning c.tlog\link.7408-rc.read.1.tlog
c:\users\евгений\desktop\learning-c\learning c\learning c\debug\learning c.tlog\link.7408-rc.write.1.tlog
c:\users\евгений\desktop\learning-c\learning c\learning c\debug\learning c.tlog\link.7408.read.1.tlog
c:\users\евгений\desktop\learning-c\learning c\learning c\debug\learning c.tlog\link.7408.write.1.tlog
c:\users\евгений\desktop\learning-c\learning c\learning c\debug\learning c.tlog\link.command.1.tlog
c:\users\евгений\desktop\learning-c\learning c\learning c\debug\learning c.tlog\link.read.1.tlog
c:\users\евгений\desktop\learning-c\learning c\learning c\debug\learning c.tlog\link.write.1.tlog
